<?xml version='1.0' encoding='UTF-8'?>
<testsuite hostname="Swapnali" name="com.lightbend.training.coffeehouse.CoffeeHouseSpec" tests="13" errors="0" failures="0" skipped="0" time="1.038" timestamp="2020-12-15T19:04:26">
                     <properties>
      <property name="jline.esc.timeout" value="0"/><property name="java.runtime.name" value="Java(TM) SE Runtime Environment"/><property name="sun.boot.library.path" value="C:\Program Files\Java\jdk1.8.0_111\jre\bin"/><property name="java.vm.version" value="25.111-b14"/><property name="java.vm.vendor" value="Oracle Corporation"/><property name="java.vendor.url" value="http://java.oracle.com/"/><property name="path.separator" value=";"/><property name="jna.loaded" value="true"/><property name="java.vm.name" value="Java HotSpot(TM) 64-Bit Server VM"/><property name="file.encoding.pkg" value="sun.io"/><property name="user.country" value="US"/><property name="user.script" value=""/><property name="sun.java.launcher" value="SUN_STANDARD"/><property name="sun.os.patch.level" value=""/><property name="jna.nosys" value="true"/><property name="java.vm.specification.name" value="Java Virtual Machine Specification"/><property name="user.dir" value="D:\akka\LAS-P-lightbend-akka-for-scala-professional-v1"/><property name="java.runtime.version" value="1.8.0_111-b14"/><property name="java.awt.graphicsenv" value="sun.awt.Win32GraphicsEnvironment"/><property name="java.endorsed.dirs" value="C:\Program Files\Java\jdk1.8.0_111\jre\lib\endorsed"/><property name="os.arch" value="amd64"/><property name="java.io.tmpdir" value="C:\Users\asus\AppData\Local\Temp\"/><property name="line.separator" value="
"/><property name="java.vm.specification.vendor" value="Oracle Corporation"/><property name="log4j.ignoreTCL" value="true"/><property name="user.variant" value=""/><property name="os.name" value="Windows 10"/><property name="sun.jnu.encoding" value="Cp1252"/><property name="jnidispatch.path" value="C:\Users\asus\AppData\Local\Temp\jna-3003984\jna7513945520713737850.dll"/><property name="java.library.path" value="C:\Program Files\Java\jdk1.8.0_111\bin;C:\WINDOWS\Sun\Java\bin;C:\WINDOWS\system32;C:\WINDOWS;C:\Program Files\Java\jdk1.8.0_111\bin;C:\Program Files\AdoptOpenJDK\jdk-11.0.9.101-hotspot\bin;C:\Program Files\Java\jdk1.8.0_111\bin;C:\oraclexe\app\oracle\product\11.2.0\server\bin;C:\Program Files (x86)\Intel\Intel(R) Management Engine Components\iCLS\;C:\Program Files\Intel\Intel(R) Management Engine Components\iCLS\;C:\Windows\system32;C:\Windows;C:\Windows\System32\Wbem;C:\Windows\System32\WindowsPowerShell\v1.0\;C:\Windows\System32\OpenSSH\;C:\Program Files (x86)\NVIDIA Corporation\PhysX\Common;C:\Program Files (x86)\Intel\Intel(R) Management Engine Components\DAL;C:\Program Files\Intel\Intel(R) Management Engine Components\DAL;C:\Program Files (x86)\Intel\Intel(R) Management Engine Components\IPT;C:\Program Files\Intel\Intel(R) Management Engine Components\IPT;C:\Program Files\Intel\WiFi\bin\;C:\Program Files\Common Files\Intel\WirelessCommon\;E:\apache-maven-3.6.3\bin;C:\sonar-scanner-cli-4.2.0.1873-windows\sonar-scanner-4.2.0.1873-windows\bin;C:\Program Files\nodejs\;C:\WINDOWS\system32;C:\WINDOWS;C:\WINDOWS\System32\Wbem;C:\WINDOWS\System32\WindowsPowerShell\v1.0\;C:\WINDOWS\System32\OpenSSH\;C:\Program Files\Git\cmd;C:\Program Files\PuTTY\;C:\Program Files (x86)\sbt\bin;;C:\Program Files\Docker\Docker\resources\bin;C:\ProgramData\DockerDesktop\version-bin;C:\Users\asus\AppData\Local\Microsoft\WindowsApps;;C:\Users\asus\AppData\Local\Programs\Microsoft VS Code\bin;C:\Users\asus\AppData\Roaming\npm;."/><property name="java.specification.name" value="Java Platform API Specification"/><property name="java.class.version" value="52.0"/><property name="sun.management.compiler" value="HotSpot 64-Bit Tiered Compilers"/><property name="os.version" value="10.0"/><property name="swoval.tmpdir" value="C:\Users\asus\.sbt\1.0"/><property name="user.home" value="C:\Users\asus"/><property name="user.timezone" value="Asia/Calcutta"/><property name="java.awt.printerjob" value="sun.awt.windows.WPrinterJob"/><property name="file.encoding" value="UTF-8"/><property name="java.specification.version" value="1.8"/><property name="java.class.path" value="C:\Program Files (x86)\sbt\\bin\sbt-launch.jar"/><property name="user.name" value="asus"/><property name="jline.shutdownhook" value="false"/><property name="java.vm.specification.version" value="1.8"/><property name="sun.java.command" value="xsbt.boot.Boot"/><property name="java.home" value="C:\Program Files\Java\jdk1.8.0_111\jre"/><property name="sun.arch.data.model" value="64"/><property name="user.language" value="en"/><property name="java.specification.vendor" value="Oracle Corporation"/><property name="awt.toolkit" value="sun.awt.windows.WToolkit"/><property name="java.vm.info" value="mixed mode"/><property name="java.version" value="1.8.0_111"/><property name="java.ext.dirs" value="C:\Program Files\Java\jdk1.8.0_111\jre\lib\ext;C:\WINDOWS\Sun\Java\lib\ext"/><property name="sun.boot.class.path" value="C:\Program Files\Java\jdk1.8.0_111\jre\lib\resources.jar;C:\Program Files\Java\jdk1.8.0_111\jre\lib\rt.jar;C:\Program Files\Java\jdk1.8.0_111\jre\lib\sunrsasign.jar;C:\Program Files\Java\jdk1.8.0_111\jre\lib\jsse.jar;C:\Program Files\Java\jdk1.8.0_111\jre\lib\jce.jar;C:\Program Files\Java\jdk1.8.0_111\jre\lib\charsets.jar;C:\Program Files\Java\jdk1.8.0_111\jre\lib\jfr.jar;C:\Program Files\Java\jdk1.8.0_111\jre\classes"/><property name="java.vendor" value="Oracle Corporation"/><property name="sun.stderr.encoding" value="cp437"/><property name="file.separator" value="\"/><property name="java.vendor.url.bug" value="http://bugreport.sun.com/bugreport/"/><property name="sun.io.unicode.encoding" value="UnicodeLittle"/><property name="sun.cpu.endian" value="little"/><property name="sun.stdout.encoding" value="cp437"/><property name="sun.desktop" value="windows"/><property name="sun.cpu.isalist" value="amd64"/>
    </properties>
                     <testcase classname="com.lightbend.training.coffeehouse.CoffeeHouseSpec" name="Creating CoffeeHouse should result in logging a status message at debug" time="0.141">
                                                 
                                               </testcase><testcase classname="com.lightbend.training.coffeehouse.CoffeeHouseSpec" name="Creating CoffeeHouse should result in creating a child actor with the name 'barista'" time="0.095">
                                                 
                                               </testcase><testcase classname="com.lightbend.training.coffeehouse.CoffeeHouseSpec" name="Creating CoffeeHouse should result in creating a child actor with the name 'waiter'" time="0.023">
                                                 
                                               </testcase><testcase classname="com.lightbend.training.coffeehouse.CoffeeHouseSpec" name="Sending CreateGuest to CoffeeHouse should result in creating a Guest" time="0.034">
                                                 
                                               </testcase><testcase classname="com.lightbend.training.coffeehouse.CoffeeHouseSpec" name="Sending CreateGuest to CoffeeHouse should result in logging status guest added to guest book" time="0.124">
                                                 
                                               </testcase><testcase classname="com.lightbend.training.coffeehouse.CoffeeHouseSpec" name="Sending ApproveCoffee to CoffeeHouse should result in forwarding PrepareCoffee to Barista if caffeineLimit not yet reached" time="0.053">
                                                 
                                               </testcase><testcase classname="com.lightbend.training.coffeehouse.CoffeeHouseSpec" name="Sending ApproveCoffee to CoffeeHouse should result in Barista sending a CoffeePrepared to Waiter if caffeineLimit not yet reached" time="0.042">
                                                 
                                               </testcase><testcase classname="com.lightbend.training.coffeehouse.CoffeeHouseSpec" name="Sending ApproveCoffee to CoffeeHouse should result in logging status guest caffeine count incremented" time="0.149">
                                                 
                                               </testcase><testcase classname="com.lightbend.training.coffeehouse.CoffeeHouseSpec" name="Sending ApproveCoffee to CoffeeHouse should result in logging a status message at info if caffeineLimit reached" time="0.131">
                                                 
                                               </testcase><testcase classname="com.lightbend.training.coffeehouse.CoffeeHouseSpec" name="Sending ApproveCoffee to CoffeeHouse should result in stopping the Guest if caffeineLimit reached" time="0.035">
                                                 
                                               </testcase><testcase classname="com.lightbend.training.coffeehouse.CoffeeHouseSpec" name="On termination of Guest, CoffeeHouse should result in logging a thanks message at info" time="0.142">
                                                 
                                               </testcase><testcase classname="com.lightbend.training.coffeehouse.CoffeeHouseSpec" name="On failure of Guest CoffeeHouse should stop it" time="0.035">
                                                 
                                               </testcase><testcase classname="com.lightbend.training.coffeehouse.CoffeeHouseSpec" name="On failure of Waiter CoffeeHouse should restart it and resend PrepareCoffee to Barista" time="0.034">
                                                 
                                               </testcase>
                     <system-out><![CDATA[]]></system-out>
                     <system-err><![CDATA[]]></system-err>
                   </testsuite>